{"uuid":"68d614c9-b4f5-4c9a-8d46-ead7cc89eee9","historyId":"c70523f33c42171ff6114061f33e9209","fullName":"com.thetestingacademy.tests.restFullBooker.e2e_integration.testIntegrationFlow1.testUpdateBookingById","labels":[{"name":"package","value":"com.thetestingacademy.tests.restFullBooker.e2e_integration.testIntegrationFlow1"},{"name":"testClass","value":"com.thetestingacademy.tests.restFullBooker.e2e_integration.testIntegrationFlow1"},{"name":"testMethod","value":"testUpdateBookingById"},{"name":"parentSuite","value":"All Test Suite"},{"name":"suite","value":"C:/Users/prbabank/IdeaProjects/APIAutomationFrameworkATB14x"},{"name":"subSuite","value":"com.thetestingacademy.tests.restFullBooker.e2e_integration.testIntegrationFlow1"},{"name":"host","value":"INLEN8520061967"},{"name":"thread","value":"23048@INLEN8520061967.main(1)"},{"name":"framework","value":"testng"},{"name":"language","value":"java"},{"name":"owner","value":"Pramod Kadus"}],"links":[],"name":"testUpdateBookingById","status":"broken","statusDetails":{"known":false,"muted":false,"flaky":false,"message":"java.lang.IllegalStateException: Expected BEGIN_OBJECT but was STRING at line 1 column 1 path $\nSee https://github.com/google/gson/blob/main/Troubleshooting.md#unexpected-json-structure","trace":"com.google.gson.JsonSyntaxException: java.lang.IllegalStateException: Expected BEGIN_OBJECT but was STRING at line 1 column 1 path $\nSee https://github.com/google/gson/blob/main/Troubleshooting.md#unexpected-json-structure\r\n\tat com.google.gson.internal.bind.ReflectiveTypeAdapterFactory$Adapter.read(ReflectiveTypeAdapterFactory.java:523)\r\n\tat com.google.gson.Gson.fromJson(Gson.java:1359)\r\n\tat com.google.gson.Gson.fromJson(Gson.java:1260)\r\n\tat com.google.gson.Gson.fromJson(Gson.java:1170)\r\n\tat com.google.gson.Gson.fromJson(Gson.java:1107)\r\n\tat com.thetestingacademy.modules.restFullBooker.PayloadManager.getTokenResponse(PayloadManager.java:32)\r\n\tat com.thetestingacademy.base.BaseTest.getToken(BaseTest.java:61)\r\n\tat com.thetestingacademy.tests.restFullBooker.e2e_integration.testIntegrationFlow1.testUpdateBookingById(testIntegrationFlow1.java:65)\r\n\tat java.base/jdk.internal.reflect.NativeMethodAccessorImpl.invoke0(Native Method)\r\n\tat java.base/jdk.internal.reflect.NativeMethodAccessorImpl.invoke(NativeMethodAccessorImpl.java:62)\r\n\tat java.base/jdk.internal.reflect.DelegatingMethodAccessorImpl.invoke(DelegatingMethodAccessorImpl.java:43)\r\n\tat java.base/java.lang.reflect.Method.invoke(Method.java:566)\r\n\tat org.testng.internal.invokers.MethodInvocationHelper.invokeMethod(MethodInvocationHelper.java:141)\r\n\tat org.testng.internal.invokers.TestInvoker.invokeMethod(TestInvoker.java:686)\r\n\tat org.testng.internal.invokers.TestInvoker.invokeTestMethod(TestInvoker.java:230)\r\n\tat org.testng.internal.invokers.MethodRunner.runInSequence(MethodRunner.java:63)\r\n\tat org.testng.internal.invokers.TestInvoker$MethodInvocationAgent.invoke(TestInvoker.java:992)\r\n\tat org.testng.internal.invokers.TestInvoker.invokeTestMethods(TestInvoker.java:203)\r\n\tat org.testng.internal.invokers.TestMethodWorker.invokeTestMethods(TestMethodWorker.java:154)\r\n\tat org.testng.internal.invokers.TestMethodWorker.run(TestMethodWorker.java:134)\r\n\tat java.base/java.util.ArrayList.forEach(ArrayList.java:1541)\r\n\tat org.testng.TestRunner.privateRun(TestRunner.java:739)\r\n\tat org.testng.TestRunner.run(TestRunner.java:614)\r\n\tat org.testng.SuiteRunner.runTest(SuiteRunner.java:421)\r\n\tat org.testng.SuiteRunner.runSequentially(SuiteRunner.java:413)\r\n\tat org.testng.SuiteRunner.privateRun(SuiteRunner.java:373)\r\n\tat org.testng.SuiteRunner.run(SuiteRunner.java:312)\r\n\tat org.testng.SuiteRunnerWorker.runSuite(SuiteRunnerWorker.java:52)\r\n\tat org.testng.SuiteRunnerWorker.run(SuiteRunnerWorker.java:95)\r\n\tat org.testng.TestNG.runSuitesSequentially(TestNG.java:1274)\r\n\tat org.testng.TestNG.runSuitesLocally(TestNG.java:1208)\r\n\tat org.testng.TestNG.runSuites(TestNG.java:1112)\r\n\tat org.testng.TestNG.run(TestNG.java:1079)\r\n\tat com.intellij.rt.testng.IDEARemoteTestNG.run(IDEARemoteTestNG.java:65)\r\n\tat com.intellij.rt.testng.RemoteTestNGStarter.main(RemoteTestNGStarter.java:105)\r\nCaused by: java.lang.IllegalStateException: Expected BEGIN_OBJECT but was STRING at line 1 column 1 path $\nSee https://github.com/google/gson/blob/main/Troubleshooting.md#unexpected-json-structure\r\n\tat com.google.gson.stream.JsonReader.unexpectedTokenError(JsonReader.java:1831)\r\n\tat com.google.gson.stream.JsonReader.beginObject(JsonReader.java:509)\r\n\tat com.google.gson.internal.bind.ReflectiveTypeAdapterFactory$Adapter.read(ReflectiveTypeAdapterFactory.java:512)\r\n\t... 34 more\r\n"},"stage":"finished","description":"TC#INT1 - Step 3. Verify Updated booking by ID","steps":[],"attachments":[],"parameters":[],"start":1768149104084,"stop":1768149104529}